#
# A fatal error has been detected by the Java Runtime Environment:
#
#  EXCEPTION_ACCESS_VIOLATION (0xc0000005) at pc=0x04b2dada, pid=6376, tid=5424
#
# JRE version: 7.0_09-b05
# Java VM: Java HotSpot(TM) Client VM (23.5-b02 mixed mode, sharing windows-x86 )
# Problematic frame:
# C  [OpenAL32.dll+0xdada]  alProcessUpdatesSOFT+0x1029
#
# Failed to write core dump. Minidumps are not enabled by default on client versions of Windows
#
# If you would like to submit a bug report, please visit:
#   http://bugreport.sun.com/bugreport/crash.jsp
# The crash happened outside the Java Virtual Machine in native code.
# See problematic frame for where to report the bug.
#

---------------  T H R E A D  ---------------

Current thread (0x0027b400):  JavaThread "main" [_thread_in_native, id=5424, stack(0x00650000,0x006a0000)]

siginfo: ExceptionCode=0xc0000005, reading address 0x04a2f004

Registers:
EAX=0x04a2f004, EBX=0x04a2e4cc, ECX=0x0cad0048, EDX=0x0001f000
ESP=0x0069f0ec, EBP=0x0069f118, ESI=0x0cad0048, EDI=0x00000001
EIP=0x04b2dada, EFLAGS=0x00010202

Top of Stack: (sp=0x0069f0ec)
0x0069f0ec:   00000001 0cad0048 34687648 000000ff
0x0069f0fc:   0027b400 0cad0048 0069f12c 00000004
0x0069f10c:   000002ce 0000ac44 34687648 0069f12c
0x0069f11c:   04b2eab9 0027b400 34687648 34687648
0x0069f12c:   0069f184 10005ad0 0cad0048 04a2e4cc
0x0069f13c:   022da717 0027b528 0069f18c 0cad0048
0x0069f14c:   00000000 04a2e4cc 00000000 34595328
0x0069f15c:   0027bda4 0027bda4 0069f164 34687648 

Instructions: (pc=0x04b2dada)
0x04b2daba:   02 8b f9 2b cf 89 4d e0 81 fa 03 00 02 00 75 06
0x04b2daca:   8b 40 04 89 45 f0 83 45 f4 02 8b 45 f4 8d 04 83
0x04b2dada:   83 38 00 75 b3 8d 45 f8 50 68 70 c4 b5 04 6a 00
0x04b2daea:   e8 e5 4d 00 00 b8 40 1f 00 00 83 c4 0c 39 45 f8 


Register to memory mapping:

EAX=0x04a2f004 is an unknown value
EBX=0x04a2e4cc is an unknown value
ECX=0x0cad0048 is an unknown value
EDX=0x0001f000 is an unknown value
ESP=0x0069f0ec is pointing into the stack for thread: 0x0027b400
EBP=0x0069f118 is pointing into the stack for thread: 0x0027b400
ESI=0x0cad0048 is an unknown value
EDI=0x00000001 is an unknown value


Stack: [0x00650000,0x006a0000],  sp=0x0069f0ec,  free space=316k
Native frames: (J=compiled Java code, j=interpreted, Vv=VM code, C=native code)
C  [OpenAL32.dll+0xdada]  alProcessUpdatesSOFT+0x1029
C  [OpenAL32.dll+0xeab9]  alcCreateContext+0x45
C  [lwjgl.dll+0x5ad0]  Java_org_lwjgl_openal_AL11_initNativeStubs+0x490
j  org.lwjgl.openal.ALC10.alcCreateContext(Lorg/lwjgl/openal/ALCdevice;Ljava/nio/IntBuffer;)Lorg/lwjgl/openal/ALCcontext;+8
j  org.lwjgl.openal.AL.init(Ljava/lang/String;IIZZ)V+69
j  org.lwjgl.openal.AL.create(Ljava/lang/String;IIZZ)V+227
j  org.lwjgl.openal.AL.create(Ljava/lang/String;IIZ)V+5
j  org.lwjgl.openal.AL.create()V+6
j  org.newdawn.slick.openal.SoundStore$1.run()Ljava/lang/Object;+0
v  ~StubRoutines::call_stub
V  [jvm.dll+0x12a39a]
V  [jvm.dll+0x1d978e]
V  [jvm.dll+0x12a41d]
V  [jvm.dll+0xd9e0a]
C  [java.dll+0x1015]  Java_java_security_AccessController_doPrivileged__Ljava_security_PrivilegedAction_2+0x15
j  org.newdawn.slick.openal.SoundStore.init()V+26
j  org.newdawn.slick.openal.AudioLoader.init()V+9
j  org.newdawn.slick.openal.AudioLoader.getStreamingAudio(Ljava/lang/String;Ljava/net/URL;)Lorg/newdawn/slick/openal/Audio;+0
j  ca.viaware.rpg.audio.AudioHandler.loadAudioStream(Ljava/lang/String;)Lorg/newdawn/slick/openal/Audio;+35
j  ca.viaware.rpg.audio.AudioLoadList.loadAudio()V+14
j  ca.viaware.rpg.game.GameLoop.startLoop()V+82
j  ca.viaware.rpg.game.SpaceQuest.<init>()V+19
j  ca.viaware.rpg.game.SpaceQuest.main([Ljava/lang/String;)V+3
v  ~StubRoutines::call_stub
V  [jvm.dll+0x12a39a]
V  [jvm.dll+0x1d978e]
V  [jvm.dll+0x12a41d]
V  [jvm.dll+0xaee94]
V  [jvm.dll+0xb9217]
C  [javaw.exe+0x1fea]
C  [javaw.exe+0xa0eb]
C  [javaw.exe+0xa175]
C  [kernel32.dll+0x13677]  BaseThreadInitThunk+0x12
C  [ntdll.dll+0x39f42]  RtlInitializeExceptionChain+0x63
C  [ntdll.dll+0x39f15]  RtlInitializeExceptionChain+0x36

Java frames: (J=compiled Java code, j=interpreted, Vv=VM code)
j  org.lwjgl.openal.ALC10.nalcCreateContext(JJ)J+0
j  org.lwjgl.openal.ALC10.alcCreateContext(Lorg/lwjgl/openal/ALCdevice;Ljava/nio/IntBuffer;)Lorg/lwjgl/openal/ALCcontext;+8
j  org.lwjgl.openal.AL.init(Ljava/lang/String;IIZZ)V+69
j  org.lwjgl.openal.AL.create(Ljava/lang/String;IIZZ)V+227
j  org.lwjgl.openal.AL.create(Ljava/lang/String;IIZ)V+5
j  org.lwjgl.openal.AL.create()V+6
j  org.newdawn.slick.openal.SoundStore$1.run()Ljava/lang/Object;+0
v  ~StubRoutines::call_stub
j  java.security.AccessController.doPrivileged(Ljava/security/PrivilegedAction;)Ljava/lang/Object;+0
j  org.newdawn.slick.openal.SoundStore.init()V+26
j  org.newdawn.slick.openal.AudioLoader.init()V+9
j  org.newdawn.slick.openal.AudioLoader.getStreamingAudio(Ljava/lang/String;Ljava/net/URL;)Lorg/newdawn/slick/openal/Audio;+0
j  ca.viaware.rpg.audio.AudioHandler.loadAudioStream(Ljava/lang/String;)Lorg/newdawn/slick/openal/Audio;+35
j  ca.viaware.rpg.audio.AudioLoadList.loadAudio()V+14
j  ca.viaware.rpg.game.GameLoop.startLoop()V+82
j  ca.viaware.rpg.game.SpaceQuest.<init>()V+19
j  ca.viaware.rpg.game.SpaceQuest.main([Ljava/lang/String;)V+3
v  ~StubRoutines::call_stub

---------------  P R O C E S S  ---------------

Java Threads: ( => current thread )
  0x022c3000 JavaThread "Service Thread" daemon [_thread_blocked, id=6192, stack(0x04c60000,0x04cb0000)]
  0x022b8800 JavaThread "C1 CompilerThread0" daemon [_thread_blocked, id=5484, stack(0x04b90000,0x04be0000)]
  0x022b7400 JavaThread "Attach Listener" daemon [_thread_blocked, id=7140, stack(0x04860000,0x048b0000)]
  0x022b4000 JavaThread "Signal Dispatcher" daemon [_thread_blocked, id=5136, stack(0x04800000,0x04850000)]
  0x0229d400 JavaThread "Finalizer" daemon [_thread_blocked, id=3320, stack(0x04590000,0x045e0000)]
  0x0229bc00 JavaThread "Reference Handler" daemon [_thread_blocked, id=2760, stack(0x04690000,0x046e0000)]
=>0x0027b400 JavaThread "main" [_thread_in_native, id=5424, stack(0x00650000,0x006a0000)]

Other Threads:
  0x0229a400 VMThread [stack: 0x04400000,0x04450000] [id=5712]
  0x022ccc00 WatcherThread [stack: 0x04d70000,0x04dc0000] [id=1860]

VM state:not at safepoint (normal execution)

VM Mutex/Monitor currently owned by a thread: None

Heap
 def new generation   total 4928K, used 1981K [0x24540000, 0x24a90000, 0x29a90000)
  eden space 4416K,  33% used [0x24540000, 0x246af618, 0x24990000)
  from space 512K, 100% used [0x24a10000, 0x24a90000, 0x24a90000)
  to   space 512K,   0% used [0x24990000, 0x24990000, 0x24a10000)
 tenured generation   total 10944K, used 644K [0x29a90000, 0x2a540000, 0x34540000)
   the space 10944K,   5% used [0x29a90000, 0x29b31188, 0x29b31200, 0x2a540000)
 compacting perm gen  total 12288K, used 1320K [0x34540000, 0x35140000, 0x38540000)
   the space 12288K,  10% used [0x34540000, 0x3468a170, 0x3468a200, 0x35140000)
    ro space 10240K,  42% used [0x38540000, 0x38980348, 0x38980400, 0x38f40000)
    rw space 12288K,  54% used [0x38f40000, 0x395c06f0, 0x395c0800, 0x39b40000)

Card table byte_map: [0x042d0000,0x04380000] byte_map_base: 0x041ad600

Polling page: 0x00130000

Code Cache  [0x022d0000, 0x02398000, 0x042d0000)
 total_blobs=362 nmethods=145 adapters=152 free_code_cache=31979Kb largest_free_block=32746816

Compilation events (10 events):
Event: 0.408 Thread 0x022b8800  140             java.util.HashMap::put (124 bytes)
Event: 0.409 Thread 0x022b8800 nmethod 140 0x02391c48 code [0x02391d90, 0x02391f7c]
Event: 0.421 Thread 0x022b8800  142             java.nio.DirectByteBuffer::get (16 bytes)
Event: 0.421 Thread 0x022b8800 nmethod 142 0x023923c8 code [0x023924c0, 0x02392560]
Event: 0.425 Thread 0x022b8800  143   !         sun.misc.URLClassPath$JarLoader::getResource (91 bytes)
Event: 0.426 Thread 0x022b8800 nmethod 143 0x02392988 code [0x02392b40, 0x0239306c]
Event: 0.427 Thread 0x022b8800  144             org.newdawn.slick.opengl.PNGImageData::loadImage (690 bytes)
Event: 0.428 Thread 0x022b8800 nmethod 144 0x023935c8 code [0x02393870, 0x0239425c]
Event: 0.471 Thread 0x022b8800  145             java.lang.AbstractStringBuilder::expandCapacity (50 bytes)
Event: 0.472 Thread 0x022b8800 nmethod 145 0x02394d48 code [0x02394e60, 0x02395098]

GC Heap History (2 events):
Event: 0.412 GC heap before
{Heap before GC invocations=0 (full 0):
 def new generation   total 4928K, used 4416K [0x24540000, 0x24a90000, 0x29a90000)
  eden space 4416K, 100% used [0x24540000, 0x24990000, 0x24990000)
  from space 512K,   0% used [0x24990000, 0x24990000, 0x24a10000)
  to   space 512K,   0% used [0x24a10000, 0x24a10000, 0x24a90000)
 tenured generation   total 10944K, used 0K [0x29a90000, 0x2a540000, 0x34540000)
   the space 10944K,   0% used [0x29a90000, 0x29a90000, 0x29a90200, 0x2a540000)
 compacting perm gen  total 12288K, used 1217K [0x34540000, 0x35140000, 0x38540000)
   the space 12288K,   9% used [0x34540000, 0x346707c0, 0x34670800, 0x35140000)
    ro space 10240K,  42% used [0x38540000, 0x38980348, 0x38980400, 0x38f40000)
    rw space 12288K,  54% used [0x38f40000, 0x395c06f0, 0x395c0800, 0x39b40000)
Event: 0.415 GC heap after
Heap after GC invocations=1 (full 0):
 def new generation   total 4928K, used 512K [0x24540000, 0x24a90000, 0x29a90000)
  eden space 4416K,   0% used [0x24540000, 0x24540000, 0x24990000)
  from space 512K, 100% used [0x24a10000, 0x24a90000, 0x24a90000)
  to   space 512K,   0% used [0x24990000, 0x24990000, 0x24a10000)
 tenured generation   total 10944K, used 644K [0x29a90000, 0x2a540000, 0x34540000)
   the space 10944K,   5% used [0x29a90000, 0x29b31188, 0x29b31200, 0x2a540000)
 compacting perm gen  total 12288K, used 1217K [0x34540000, 0x35140000, 0x38540000)
   the space 12288K,   9% used [0x34540000, 0x346707c0, 0x34670800, 0x35140000)
    ro space 10240K,  42% used [0x38540000, 0x38980348, 0x38980400, 0x38f40000)
    rw space 12288K,  54% used [0x38f40000, 0x395c06f0, 0x395c0800, 0x39b40000)
}

Deoptimization events (0 events):
No events

Internal exceptions (10 events):
Event: 0.471 Thread 0x0027b400 Threw 0x24689f58 at C:\jdk7u1_32P\jdk7u9_3984_new\hotspot\src\share\vm\prims\jvm.cpp:1166
Event: 0.471 Thread 0x0027b400 Threw 0x2468a928 at C:\jdk7u1_32P\jdk7u9_3984_new\hotspot\src\share\vm\prims\jvm.cpp:1166
Event: 0.472 Thread 0x0027b400 Threw 0x2468b880 at C:\jdk7u1_32P\jdk7u9_3984_new\hotspot\src\share\vm\prims\jni.cpp:716
Event: 0.472 Thread 0x0027b400 Threw 0x2468be60 at C:\jdk7u1_32P\jdk7u9_3984_new\hotspot\src\share\vm\prims\jni.cpp:716
Event: 0.472 Thread 0x0027b400 Threw 0x2468c340 at C:\jdk7u1_32P\jdk7u9_3984_new\hotspot\src\share\vm\prims\jni.cpp:716
Event: 0.488 Thread 0x0027b400 Threw 0x2468c9e0 at C:\jdk7u1_32P\jdk7u9_3984_new\hotspot\src\share\vm\prims\jvm.cpp:1166
Event: 0.489 Thread 0x0027b400 Threw 0x246971a8 at C:\jdk7u1_32P\jdk7u9_3984_new\hotspot\src\share\vm\prims\jvm.cpp:1166
Event: 0.494 Thread 0x0027b400 Threw 0x2469d7e8 at C:\jdk7u1_32P\jdk7u9_3984_new\hotspot\src\share\vm\prims\jvm.cpp:1166
Event: 0.495 Thread 0x0027b400 Threw 0x246a1180 at C:\jdk7u1_32P\jdk7u9_3984_new\hotspot\src\share\vm\prims\jvm.cpp:1166
Event: 0.495 Thread 0x0027b400 Threw 0x246a4258 at C:\jdk7u1_32P\jdk7u9_3984_new\hotspot\src\share\vm\prims\jvm.cpp:1166

Events (10 events):
Event: 0.488 loading class 0x0494ff40
Event: 0.488 loading class 0x0494ff40 done
Event: 0.489 loading class 0x049501e0
Event: 0.489 loading class 0x049501e0 done
Event: 0.494 loading class 0x08b94250
Event: 0.494 loading class 0x08b94250 done
Event: 0.495 loading class 0x04950150
Event: 0.495 loading class 0x04950150 done
Event: 0.495 loading class 0x08b94280
Event: 0.495 loading class 0x08b94280 done


Dynamic libraries:
0x001a0000 - 0x001cf000 	C:\Program Files (x86)\Java\jre7\bin\javaw.exe
0x76f30000 - 0x770b0000 	C:\Windows\SysWOW64\ntdll.dll
0x746c0000 - 0x747d0000 	C:\Windows\syswow64\kernel32.dll
0x76050000 - 0x76097000 	C:\Windows\syswow64\KERNELBASE.dll
0x75f20000 - 0x75fc0000 	C:\Windows\syswow64\ADVAPI32.dll
0x74e20000 - 0x74ecc000 	C:\Windows\syswow64\msvcrt.dll
0x749e0000 - 0x749f9000 	C:\Windows\SysWOW64\sechost.dll
0x74a90000 - 0x74b80000 	C:\Windows\syswow64\RPCRT4.dll
0x74610000 - 0x74670000 	C:\Windows\syswow64\SspiCli.dll
0x74600000 - 0x7460c000 	C:\Windows\syswow64\CRYPTBASE.dll
0x76330000 - 0x76430000 	C:\Windows\syswow64\USER32.dll
0x75fc0000 - 0x76050000 	C:\Windows\syswow64\GDI32.dll
0x74d80000 - 0x74d8a000 	C:\Windows\syswow64\LPK.dll
0x760d0000 - 0x7616d000 	C:\Windows\syswow64\USP10.dll
0x6fd20000 - 0x6febe000 	C:\Windows\WinSxS\x86_microsoft.windows.common-controls_6595b64144ccf1df_6.0.7600.16661_none_420fe3fa2b8113bd\COMCTL32.dll
0x74980000 - 0x749d7000 	C:\Windows\syswow64\SHLWAPI.dll
0x75c70000 - 0x75cd0000 	C:\Windows\system32\IMM32.DLL
0x74cb0000 - 0x74d7c000 	C:\Windows\syswow64\MSCTF.dll
0x53350000 - 0x5340e000 	C:\Program Files (x86)\Java\jre7\bin\msvcr100.dll
0x5e110000 - 0x5e45d000 	C:\Program Files (x86)\Java\jre7\bin\client\jvm.dll
0x741f0000 - 0x741f7000 	C:\Windows\system32\WSOCK32.dll
0x74c10000 - 0x74c45000 	C:\Windows\syswow64\WS2_32.dll
0x74c00000 - 0x74c06000 	C:\Windows\syswow64\NSI.dll
0x74180000 - 0x741b2000 	C:\Windows\system32\WINMM.dll
0x747d0000 - 0x747d5000 	C:\Windows\syswow64\PSAPI.DLL
0x69da0000 - 0x69dac000 	C:\Program Files (x86)\Java\jre7\bin\verify.dll
0x69d80000 - 0x69da0000 	C:\Program Files (x86)\Java\jre7\bin\java.dll
0x69c90000 - 0x69ca3000 	C:\Program Files (x86)\Java\jre7\bin\zip.dll
0x10000000 - 0x1004b000 	E:\UserData\Documents\GitHub\SpaceQuest\SpaceQuest\lib\natives-win\lwjgl.dll
0x639e0000 - 0x63aa8000 	C:\Windows\system32\OPENGL32.dll
0x639b0000 - 0x639d2000 	C:\Windows\system32\GLU32.dll
0x638c0000 - 0x639a7000 	C:\Windows\system32\DDRAW.dll
0x638b0000 - 0x638b6000 	C:\Windows\system32\DCIMAN32.dll
0x747e0000 - 0x7497d000 	C:\Windows\syswow64\SETUPAPI.dll
0x760a0000 - 0x760c7000 	C:\Windows\syswow64\CFGMGR32.dll
0x74a00000 - 0x74a8f000 	C:\Windows\syswow64\OLEAUT32.dll
0x761a0000 - 0x762fc000 	C:\Windows\syswow64\ole32.dll
0x75b20000 - 0x75b32000 	C:\Windows\syswow64\DEVOBJ.dll
0x71ea0000 - 0x71eb3000 	C:\Windows\system32\dwmapi.dll
0x74330000 - 0x74339000 	C:\Windows\system32\VERSION.dll
0x71ee0000 - 0x71f60000 	C:\Windows\system32\uxtheme.dll
0x003b0000 - 0x003e7000 	C:\Windows\SysWOW64\HsSrv.dll
0x6f540000 - 0x6f5b2000 	C:\Windows\SysWOW64\DSOUND.dll
0x6f510000 - 0x6f535000 	C:\Windows\SysWOW64\POWRPROF.dll
0x71f60000 - 0x71f68000 	c:\PROGRA~2\mcafee\SITEAD~1\saHook.dll
0x66c20000 - 0x66c27000 	C:\Windows\system32\atiglpxx.dll
0x058c0000 - 0x069cd000 	C:\Windows\system32\atioglxx.dll
0x00440000 - 0x0047f000 	C:\Windows\system32\atiadlxy.dll
0x74ed0000 - 0x75b19000 	C:\Windows\syswow64\SHELL32.dll
0x73ec0000 - 0x73ed7000 	C:\Windows\system32\USERENV.dll
0x73f20000 - 0x73f2b000 	C:\Windows\system32\profapi.dll
0x73eb0000 - 0x73ebd000 	C:\Windows\system32\WTSAPI32.dll
0x76300000 - 0x7632d000 	C:\Windows\syswow64\WINTRUST.dll
0x76550000 - 0x7666e000 	C:\Windows\syswow64\CRYPT32.dll
0x76f00000 - 0x76f0c000 	C:\Windows\syswow64\MSASN1.dll
0x66c30000 - 0x66c3b000 	C:\Windows\system32\atigktxx.dll
0x66940000 - 0x669e9000 	C:\Windows\system32\aticfx32.dll
0x70170000 - 0x701e9000 	C:\Windows\system32\mscms.dll
0x5e0d0000 - 0x5e108000 	C:\Windows\system32\icm32.dll
0x69c70000 - 0x69c84000 	C:\Program Files (x86)\Java\jre7\bin\net.dll
0x73e20000 - 0x73e5c000 	C:\Windows\system32\mswsock.dll
0x72340000 - 0x72346000 	C:\Windows\System32\wship6.dll
0x66d60000 - 0x66d6f000 	C:\Program Files (x86)\Java\jre7\bin\nio.dll
0x53200000 - 0x53342000 	C:\Program Files (x86)\Java\jre7\bin\awt.dll
0x04b20000 - 0x04b87000 	E:\UserData\Documents\GitHub\SpaceQuest\SpaceQuest\lib\natives-win\OpenAL32.dll
0x75cd0000 - 0x75d53000 	C:\Windows\syswow64\CLBCatQ.DLL
0x70de0000 - 0x70e19000 	C:\Windows\System32\MMDevApi.dll
0x70430000 - 0x70525000 	C:\Windows\System32\PROPSYS.dll
0x70da0000 - 0x70dd6000 	C:\Windows\system32\AUDIOSES.DLL
0x70530000 - 0x7061b000 	C:\Windows\system32\dbghelp.dll

VM Arguments:
jvm_args: -Djava.library.path=E:\UserData\Documents\GitHub\SpaceQuest\SpaceQuest\lib\natives-win -Dfile.encoding=Cp1252 
java_command: ca.viaware.rpg.game.SpaceQuest
Launcher Type: SUN_STANDARD

Environment Variables:
PATH=C:/Program Files (x86)/Java/jre7/bin/client;C:/Program Files (x86)/Java/jre7/bin;C:/Program Files (x86)/Java/jre7/lib/i386;C:\Program Files (x86)\NVIDIA Corporation\PhysX\Common;C:\Program Files\Common Files\Microsoft Shared\Windows Live;C:\Program Files (x86)\Common Files\Microsoft Shared\Windows Live;C:\Program Files (x86)\AMD APP\bin\x86_64;C:\Program Files (x86)\AMD APP\bin\x86;C:\Windows\system32;C:\Windows;C:\Windows\System32\Wbem;C:\Windows\System32\WindowsPowerShell\v1.0\;C:\Program Files (x86)\ATI Technologies\ATI.ACE\Core-Static;C:\Program Files (x86)\Windows Live\Shared;E:\Software and Games\Eclipse\Eclipse JavaEE;
USERNAME=ViaWare
OS=Windows_NT
PROCESSOR_IDENTIFIER=Intel64 Family 6 Model 42 Stepping 7, GenuineIntel



---------------  S Y S T E M  ---------------

OS: Windows 7 , 64 bit Build 7600 

CPU:total 8 (4 cores per cpu, 2 threads per core) family 6 model 42 stepping 7, cmov, cx8, fxsr, mmx, sse, sse2, sse3, ssse3, sse4.1, sse4.2, popcnt, ht, tsc, tscinvbit

Memory: 4k page, physical 8364640k(4849732k free), swap 16727380k(12414648k free)

vm_info: Java HotSpot(TM) Client VM (23.5-b02) for windows-x86 JRE (1.7.0_09-b05), built on Sep 24 2012 22:01:33 by "java_re" with unknown MS VC++:1600

time: Mon Jan 07 23:28:38 2013
elapsed time: 0 seconds

